<?xml version="1.0" encoding="UTF-8" standalone="yes" ?>
<test-results name="C:\Users\mattijsp\Documents\Embarcadero\Studio\Projects\echt jonge\NuMoetDieWerken\Win32\Debug\Project2.exe" total="4" errors="0" failures="0" ignored="0" inconclusive="0" not-run="0" skipped="0" invalid="0" date="2023-10-24" time="0.080">
  <culture-info current-culture="en" current-uiculture="en" />
  <test-suite type="Assembly" name="Project2.exe" executed="true" result="Success" success="True" time="0.080" asserts="0">
    <results>
        <test-suite type="Namespace" name="Unit2" executed="true" result="Success" success="True" time="0.080" asserts="0" >
          <results>
              <test-suite type="Fixture" name="TMyTestObject" executed="True" result="Success" success="True" time="0.080" >
                <results>
                  <test-case name="TestButton1Click" executed="True" result="Success" success="True" time="0.001" asserts="0" />
                  <test-case name="TestButton2Click" executed="True" result="Success" success="True" time="0.000" asserts="0" />
                  <test-case name="TestMultiply" executed="True" result="Success" success="True" time="0.000" asserts="0" />
                  <test-case name="TestButton3Click" executed="True" result="Success" success="True" time="0.001" asserts="0" />
                </results>
              </test-suite>
          </results>
        </test-suite>
    </results>
  </test-suite>
</test-results>
